<?xml version="1.0" encoding="UTF-8"?>
<testsuite xmlns:xsi="http://www.w3.org/2001/XMLSchema-instance" xsi:noNamespaceSchemaLocation="https://maven.apache.org/surefire/maven-surefire-plugin/xsd/surefire-test-report-3.0.xsd" version="3.0" name="ec.com.webmarket.restful.ApiResTfulExampleApplicationTests" time="6.15" tests="1" errors="0" skipped="0" failures="0">
  <properties>
[...]
</properties>
  <testcase name="contextLoads" classname="ec.com.webmarket.restful.ApiResTfulExampleApplicationTests" time="0.689">
    <system-out><![CDATA[03:26:56.395 [main] INFO org.springframework.test.context.support.AnnotationConfigContextLoaderUtils -- Could not detect default configuration classes for test class [ec.com.webmarket.restful.ApiResTfulExampleApplicationTests]: ApiResTfulExampleApplicationTests does not declare any static, non-private, non-final, nested classes annotated with @Configuration.
03:26:56.522 [main] INFO org.springframework.boot.test.context.SpringBootTestContextBootstrapper -- Found @SpringBootConfiguration ec.com.webmarket.restful.ApiResTfulExampleApplication for test class ec.com.webmarket.restful.ApiResTfulExampleApplicationTests

  .   ____          _            __ _ _
 /\\ / ___'_ __ _ _(_)_ __  __ _ \ \ \ \
( ( )\___ | '_ | '_| | '_ \/ _` | \ \ \ \
 \\/  ___)| |_)| | | | | || (_| |  ) ) ) )
  '  |____| .__|_| |_|_| |_\__, | / / / /
 =========|_|==============|___/=/_/_/_/

 :: Spring Boot ::                (v3.3.1)

2024-07-31T03:26:56.984-05:00  INFO 15948 --- [API_RESTful_example] [           main] .c.w.r.ApiResTfulExampleApplicationTests : Starting ApiResTfulExampleApplicationTests using Java 21.0.3 with PID 15948 (started by Usuario in C:\Users\Usuario\Desktop\Estudios Software\Universidad\OyADD\eclipse workspace-2024-01\API_REST_ODONTOLOGIA-main)
2024-07-31T03:26:56.986-05:00  INFO 15948 --- [API_RESTful_example] [           main] .c.w.r.ApiResTfulExampleApplicationTests : No active profile set, falling back to 1 default profile: "default"
2024-07-31T03:26:57.760-05:00  INFO 15948 --- [API_RESTful_example] [           main] .s.d.r.c.RepositoryConfigurationDelegate : Bootstrapping Spring Data JPA repositories in DEFAULT mode.
2024-07-31T03:26:57.852-05:00  INFO 15948 --- [API_RESTful_example] [           main] .s.d.r.c.RepositoryConfigurationDelegate : Finished Spring Data repository scanning in 79 ms. Found 8 JPA repository interfaces.
2024-07-31T03:26:58.441-05:00  INFO 15948 --- [API_RESTful_example] [           main] o.hibernate.jpa.internal.util.LogHelper  : HHH000204: Processing PersistenceUnitInfo [name: default]
2024-07-31T03:26:58.550-05:00  INFO 15948 --- [API_RESTful_example] [           main] org.hibernate.Version                    : HHH000412: Hibernate ORM core version 6.5.2.Final
2024-07-31T03:26:58.600-05:00  INFO 15948 --- [API_RESTful_example] [           main] o.h.c.internal.RegionFactoryInitiator    : HHH000026: Second-level cache disabled
2024-07-31T03:26:59.031-05:00  INFO 15948 --- [API_RESTful_example] [           main] o.s.o.j.p.SpringPersistenceUnitInfo      : No LoadTimeWeaver setup: ignoring JPA class transformer
2024-07-31T03:26:59.049-05:00  WARN 15948 --- [API_RESTful_example] [           main] org.hibernate.orm.deprecation            : HHH90000021: Encountered deprecated setting [hibernate.temp.use_jdbc_metadata_defaults], use [hibernate.boot.allow_jdbc_metadata_access] instead
2024-07-31T03:26:59.072-05:00  WARN 15948 --- [API_RESTful_example] [           main] org.hibernate.orm.deprecation            : HHH90000025: MySQL8Dialect does not need to be specified explicitly using 'hibernate.dialect' (remove the property setting and it will be selected by default)
2024-07-31T03:26:59.073-05:00  WARN 15948 --- [API_RESTful_example] [           main] org.hibernate.orm.deprecation            : HHH90000026: MySQL8Dialect has been deprecated; use org.hibernate.dialect.MySQLDialect instead
2024-07-31T03:27:00.168-05:00  INFO 15948 --- [API_RESTful_example] [           main] o.h.e.t.j.p.i.JtaPlatformInitiator       : HHH000489: No JTA platform available (set 'hibernate.transaction.jta.platform' to enable JTA platform integration)
2024-07-31T03:27:00.189-05:00  INFO 15948 --- [API_RESTful_example] [           main] com.zaxxer.hikari.HikariDataSource       : HikariPool-1 - Starting...
2024-07-31T03:27:00.366-05:00  INFO 15948 --- [API_RESTful_example] [           main] com.zaxxer.hikari.pool.HikariPool        : HikariPool-1 - Added connection com.mysql.cj.jdbc.ConnectionImpl@417b3642
2024-07-31T03:27:00.368-05:00  INFO 15948 --- [API_RESTful_example] [           main] com.zaxxer.hikari.HikariDataSource       : HikariPool-1 - Start completed.
2024-07-31T03:27:00.516-05:00  INFO 15948 --- [API_RESTful_example] [           main] j.LocalContainerEntityManagerFactoryBean : Initialized JPA EntityManagerFactory for persistence unit 'default'
2024-07-31T03:27:01.124-05:00  WARN 15948 --- [API_RESTful_example] [           main] JpaBaseConfiguration$JpaWebConfiguration : spring.jpa.open-in-view is enabled by default. Therefore, database queries may be performed during view rendering. Explicitly configure spring.jpa.open-in-view to disable this warning
2024-07-31T03:27:01.610-05:00  INFO 15948 --- [API_RESTful_example] [           main] .c.w.r.ApiResTfulExampleApplicationTests : Started ApiResTfulExampleApplicationTests in 4.911 seconds (process running for 6.142)
]]></system-out>
    <system-err><![CDATA[WARNING: A Java agent has been loaded dynamically (C:\Users\Usuario\.m2\repository\net\bytebuddy\byte-buddy-agent\1.14.17\byte-buddy-agent-1.14.17.jar)
WARNING: If a serviceability tool is in use, please run with -XX:+EnableDynamicAgentLoading to hide this warning
WARNING: If a serviceability tool is not in use, please run with -Djdk.instrument.traceUsage for more information
WARNING: Dynamic loading of agents will be disallowed by default in a future release
]]></system-err>
  </testcase>
</testsuite>